[robopragmav3.com/index.html]
[backblue.gif]
[fade.gif]
[index.html]
[connect.facebook.net/en_US/fbevents.js]
[robopragmav3.com/cdn.ampproject.org/v0.js]
[robopragmav3.com/i.ibb.co/T478tJw/Robo.png]
[cdn.ampproject.org/v0.js]
[cdn.ampproject.org/v0/amp-carousel-0.1.js]
[cdn.ampproject.org/v0/amp-install-serviceworker-0.1.js]
[cdn.ampproject.org/v0/amp-youtube-0.1.js]
[cdn.ampproject.org/v0/amp-accordion-0.1.js]
[robopragmav3.com/i.ibb.co/9bZg5v6/hack.jpg]
[robopragmav3.com/i.ibb.co/QKmbBXh/logo.png]
[robopragmav3.com/index.html]
[robopragmav3.com/a]
[robopragmav3.com/POST]
[robopragmav3.com/b.resolvedLink]
[robopragmav3.com/signals/iwl.js]
[connect.facebook.net/en_US/fbevents.js]
[robopragmav3.com/a.html]
[robopragmav3.com/POST.html]
[robopragmav3.com/schema.org/index.html]
[robopragmav3.com/schema.org/index.html]
[robopragmav3.com/b.html]
[robopragmav3.com/signals/iwl.html]
